SFPeddlers/proguard/seeds.txt
sf.tools.peddlers.ActivityAddSettingGroup
sf.tools.peddlers.ActivityAddSettingGroup: ActivityAddSettingGroup()
sf.tools.peddlers.ActivityCharacteristic
sf.tools.peddlers.ActivityCharacteristic: ActivityCharacteristic()
sf.tools.peddlers.ActivityFirstFeeling
sf.tools.peddlers.ActivityFirstFeeling: ActivityFirstFeeling()
sf.tools.peddlers.ActivitySettingGroup
sf.tools.peddlers.ActivitySettingGroup: ActivitySettingGroup()
sf.tools.peddlers.ActivitySettingGroupAddCargo
sf.tools.peddlers.ActivitySettingGroupAddCargo: ActivitySettingGroupAddCargo()
sf.tools.peddlers.ActivitySettingGroupCargoDetail
sf.tools.peddlers.ActivitySettingGroupCargoDetail: ActivitySettingGroupCargoDetail()
sf.tools.peddlers.ActivitySettingGroupCargoList
sf.tools.peddlers.ActivitySettingGroupCargoList: ActivitySettingGroupCargoList()
sf.tools.peddlers.ActivitySettingGroupCharacteristicItem
sf.tools.peddlers.ActivitySettingGroupCharacteristicItem: ActivitySettingGroupCharacteristicItem()
sf.tools.peddlers.ActivityShopping
sf.tools.peddlers.ActivityShopping: ActivityShopping()
sf.tools.peddlers.ActivityStatistic
sf.tools.peddlers.ActivityStatistic: ActivityStatistic()
sf.tools.peddlers.ActivityStatisticShoppingListDetail
sf.tools.peddlers.ActivityStatisticShoppingListDetail: ActivityStatisticShoppingListDetail()
sf.tools.peddlers.ActivityStatisticsCargoRankList
sf.tools.peddlers.ActivityStatisticsCargoRankList: ActivityStatisticsCargoRankList()
sf.tools.peddlers.ActivityStatisticsCharacteristicLine
sf.tools.peddlers.ActivityStatisticsCharacteristicLine: ActivityStatisticsCharacteristicLine()
sf.tools.peddlers.ActivityStatisticsOverView
sf.tools.peddlers.ActivityStatisticsOverView: ActivityStatisticsOverView()
sf.tools.peddlers.ActivityStatisticsShoppingList
sf.tools.peddlers.ActivityStatisticsShoppingList: ActivityStatisticsShoppingList()
sf.tools.peddlers.BaseActivity: BaseActivity()
sf.tools.peddlers.R$bool: int ga_autoActivityTracking
sf.tools.peddlers.R$bool: int ga_reportUncaughtExceptions
sf.tools.peddlers.R$color: int blue
sf.tools.peddlers.R$color: int dark_1_gray
sf.tools.peddlers.R$color: int dark_blue
sf.tools.peddlers.R$color: int dark_gray
sf.tools.peddlers.R$color: int dark_yellow
sf.tools.peddlers.R$color: int deep_dark_gray
sf.tools.peddlers.R$color: int light_blue
sf.tools.peddlers.R$color: int light_gray
sf.tools.peddlers.R$color: int light_yellow
sf.tools.peddlers.R$color: int lighter_blue
sf.tools.peddlers.R$color: int purple
sf.tools.peddlers.R$dimen: int activity_footer_height
sf.tools.peddlers.R$dimen: int activity_header_height
sf.tools.peddlers.R$dimen: int activity_horizontal_margin
sf.tools.peddlers.R$dimen: int activity_shopping_cargo_height
sf.tools.peddlers.R$dimen: int activity_shopping_cargo_width
sf.tools.peddlers.R$dimen: int activity_statistics_cargo_height
sf.tools.peddlers.R$dimen: int activity_statistics_cargo_width
sf.tools.peddlers.R$dimen: int activity_vertical_margin
sf.tools.peddlers.R$dimen: int cargo_type_height
sf.tools.peddlers.R$dimen: int content_size
sf.tools.peddlers.R$dimen: int title_size
sf.tools.peddlers.R$drawable: int button
sf.tools.peddlers.R$drawable: int button_background
sf.tools.peddlers.R$drawable: int button_pressed_background
sf.tools.peddlers.R$drawable: int choose_pic
sf.tools.peddlers.R$drawable: int footer_tab_common
sf.tools.peddlers.R$drawable: int footer_tab_pressed
sf.tools.peddlers.R$drawable: int footer_tab_selected
sf.tools.peddlers.R$drawable: int header_bar
sf.tools.peddlers.R$drawable: int ic_launcher
sf.tools.peddlers.R$drawable: int no_pic
sf.tools.peddlers.R$drawable: int rectangle
sf.tools.peddlers.R$drawable: int rectangle_down
sf.tools.peddlers.R$drawable: int rectangle_up
sf.tools.peddlers.R$drawable: int selector_list
sf.tools.peddlers.R$drawable: int selector_list_checked
sf.tools.peddlers.R$drawable: int selector_tab
sf.tools.peddlers.R$drawable: int selector_tab_checkbox
sf.tools.peddlers.R$drawable: int selector_tab_selected
...
net.youmi.android.offers.b.b.d.a
net.youmi.android.offers.b.b.d.a: net.youmi.android.offers.b.b.d.b a
net.youmi.android.offers.b.b.d.a: void a()
net.youmi.android.offers.b.b.d.a: void a(android.content.Context)
net.youmi.android.offers.b.b.d.b
net.youmi.android.offers.b.b.d.b: net.youmi.android.a.k.a.j a
net.youmi.android.offers.b.b.d.b: net.youmi.android.a.h.l b
net.youmi.android.offers.b.b.d.b: b(android.content.Context)
net.youmi.android.offers.b.b.d.b: int b()
net.youmi.android.offers.b.b.d.b: void a()
net.youmi.android.offers.b.b.d.b: boolean proxyClearWebViewHistory()
net.youmi.android.offers.b.b.d.b: boolean proxyCloseCurrentWindow()
net.youmi.android.offers.b.b.d.b: boolean proxyLoadUrl(java.lang.String)
net.youmi.android.offers.b.b.d.b: boolean proxyPostUrl(java.lang.String,byte[])
net.youmi.android.offers.b.b.d.b: net.youmi.android.a.h.f js_SDK_Handler_ClearCurrentBrowserHistory()
net.youmi.android.offers.b.b.d.b: boolean js_SDK_Handler_RunOnUIThread(java.lang.Runnable)
net.youmi.android.offers.b.b.d.b: boolean proxySetVisibility(int)
net.youmi.android.offers.c.a
net.youmi.android.offers.c.a: a()
net.youmi.android.offers.c.a: android.graphics.drawable.NinePatchDrawable a(android.content.Context)
net.youmi.android.offers.d.a
net.youmi.android.offers.d.a: net.youmi.android.offers.d.b e
net.youmi.android.offers.d.a: android.widget.RelativeLayout f
net.youmi.android.offers.d.a: net.youmi.android.a.k.a.j a
net.youmi.android.offers.d.a: net.youmi.android.a.h.l g
net.youmi.android.offers.d.a: boolean b
net.youmi.android.offers.d.a: int c
net.youmi.android.offers.d.a: boolean h
net.youmi.android.offers.d.a: android.content.Context i
net.youmi.android.offers.d.a: net.youmi.android.offers.OffersAdSize d
net.youmi.android.offers.d.a: int j
net.youmi.android.offers.d.a: boolean a()
net.youmi.android.offers.d.a: a(android.content.Context,net.youmi.android.offers.OffersAdSize,java.lang.String)
net.youmi.android.offers.d.a: void b()
net.youmi.android.offers.d.a: void startLoad()
net.youmi.android.offers.d.a: void onAttachedToWindow()
net.youmi.android.offers.d.a: void onWindowFocusChanged(boolean)
net.youmi.android.offers.d.a: void onDetachedFromWindow()
net.youmi.android.offers.d.a: void c()
net.youmi.android.offers.d.a: void a(android.content.Context)
net.youmi.android.offers.d.a: void b(android.content.Context)
net.youmi.android.offers.d.a: void d()
net.youmi.android.offers.d.a: boolean proxyClearWebViewHistory()
net.youmi.android.offers.d.a: boolean proxyCloseCurrentWindow()
net.youmi.android.offers.d.a: boolean proxyLoadUrl(java.lang.String)
net.youmi.android.offers.d.a: boolean proxyPostUrl(java.lang.String,byte[])
net.youmi.android.offers.d.b
net.youmi.android.offers.d.b: net.youmi.android.offers.d.a b
net.youmi.android.offers.d.b: net.youmi.android.offers.d.c a
net.youmi.android.offers.d.b: b(net.youmi.android.offers.d.a)
net.youmi.android.offers.d.b: void a()
net.youmi.android.offers.d.b: void b()
net.youmi.android.offers.d.c
net.youmi.android.offers.d.c: net.youmi.android.offers.d.a a
net.youmi.android.offers.d.c: boolean b
net.youmi.android.offers.d.c: c(net.youmi.android.offers.d.a)
net.youmi.android.offers.d.c: void a()
net.youmi.android.offers.d.c: void run()
net.youmi.android.offers.d.c: net.youmi.android.offers.d.a a(net.youmi.android.offers.d.c)
net.youmi.android.offers.d.d
net.youmi.android.offers.d.d: net.youmi.android.offers.d.c a
net.youmi.android.offers.d.d: d(net.youmi.android.offers.d.c)
net.youmi.android.offers.d.d: void run()