SFPeddlers/proguard/mapping.txt
sf.tools.peddlers.ActivityAddSettingGroup -> sf.tools.peddlers.ActivityAddSettingGroup:
    sf.tools.peddlers.viewholder.activity.VHASettingGroupFirstFeeling mVHASettingGroupFirstFeeling -> a
    sf.tools.peddlers.viewholder.activity.VHASettingGroupCargoType mVHASettingGroupCargoType -> b
    sf.tools.peddlers.viewholder.activity.VHASettingGroupCharacteristic mVHASettingGroupCharacteristic -> c
    sf.tools.peddlers.viewholder.activity.VHASettingGroupCargoList mVHASettingGroupCargoList -> d
    sf.tools.peddlers.model.SettingGroup mSettingGroup -> j
    void onCreate(android.os.Bundle) -> onCreate
    void initData() -> a
    void initView() -> b
    void setSettingGroupName(java.lang.String) -> b
    void setListener() -> c
    sf.tools.peddlers.model.SettingGroup access$0(sf.tools.peddlers.ActivityAddSettingGroup) -> a
    void access$1(sf.tools.peddlers.ActivityAddSettingGroup,java.lang.String) -> a
sf.tools.peddlers.ActivityAddSettingGroup$1 -> sf.tools.peddlers.a:
    sf.tools.peddlers.ActivityAddSettingGroup this$0 -> a
    void onClick(android.view.View) -> onClick
sf.tools.peddlers.ActivityAddSettingGroup$2 -> sf.tools.peddlers.b:
    sf.tools.peddlers.ActivityAddSettingGroup this$0 -> a
    void onClick(android.view.View) -> onClick
    sf.tools.peddlers.ActivityAddSettingGroup access$0(sf.tools.peddlers.ActivityAddSettingGroup$2) -> a
sf.tools.peddlers.ActivityAddSettingGroup$2$1 -> sf.tools.peddlers.c:
    sf.tools.peddlers.ActivityAddSettingGroup$2 this$1 -> a
    void onInputConfirmed(java.lang.String) -> a
sf.tools.peddlers.ActivityCharacteristic -> sf.tools.peddlers.ActivityCharacteristic:
    java.util.ArrayList mCharacteristicArray -> a
    sf.tools.peddlers.adapter.AdapterCustomerCharacteristic mAdapterCustomerCharacteristic -> b
    android.widget.ListView lvCharacteristic -> c
    android.widget.TextView tvMsg -> d
    void onCreate(android.os.Bundle) -> onCreate
    void onStart() -> onStart
    void initData() -> a
    void initView() -> b
    void setListener() -> c
    void refreshCharacteristic() -> d
    java.util.ArrayList access$0(sf.tools.peddlers.ActivityCharacteristic) -> a
sf.tools.peddlers.ActivityCharacteristic$1 -> sf.tools.peddlers.d:
    sf.tools.peddlers.ActivityCharacteristic this$0 -> a
    void onClick(android.view.View) -> onClick
sf.tools.peddlers.ActivityCharacteristic$2 -> sf.tools.peddlers.e:
    sf.tools.peddlers.ActivityCharacteristic this$0 -> a
    void onClick(android.view.View) -> onClick
sf.tools.peddlers.ActivityFirstFeeling -> sf.tools.peddlers.ActivityFirstFeeling:
    android.widget.ListView lvFirstFeeling -> a
    android.widget.TextView tvMsg -> b
    sf.tools.peddlers.adapter.AdapterFirstFeeling mFirstFeelingAdapter -> c
    java.util.ArrayList mFirstFeelingArray -> d
    void onCreate(android.os.Bundle) -> onCreate
    void onStart() -> onStart
    void initData() -> a
    void initView() -> b
    void setListener() -> c
    void refreshFirstFeeling() -> d
sf.tools.peddlers.ActivitySettingGroup -> sf.tools.peddlers.ActivitySettingGroup:
    android.widget.ListView lvSettingGroup -> a
    java.util.ArrayList mSettingGroupArray -> b
    sf.tools.peddlers.adapter.AdapterSettingGroup mAdapterSettingGroup -> c
    void onCreate(android.os.Bundle) -> onCreate
    void onStart() -> onStart
    void initData() -> a
    void initView() -> b
    void setListener() -> c
    void refreshSettingGroupArray() -> d
sf.tools.peddlers.ActivitySettingGroup$1 -> sf.tools.peddlers.f:
    sf.tools.peddlers.ActivitySettingGroup this$0 -> a
    void onClick(android.view.View) -> onClick
    sf.tools.peddlers.ActivitySettingGroup access$0(sf.tools.peddlers.ActivitySettingGroup$1) -> a
sf.tools.peddlers.ActivitySettingGroup$1$1 -> sf.tools.peddlers.g:
    sf.tools.peddlers.ActivitySettingGroup$1 this$1 -> a
    void onInputConfirmed(java.lang.String) -> a
...
net.youmi.android.c.e.b -> net.youmi.android.c.e.b:
    java.lang.String a -> a
    java.lang.String a() -> a
    void a(java.lang.String,java.lang.Throwable) -> a
    void a(java.lang.Throwable) -> a
    void a(java.lang.String) -> a
    void a(java.lang.String,java.lang.String,java.lang.Object[]) -> a
    void b(java.lang.String,java.lang.Throwable) -> b
    void b(java.lang.Throwable) -> b
    void a(java.lang.String,java.lang.Object[]) -> a
    void c(java.lang.Throwable) -> c
    void b(java.lang.String,java.lang.String,java.lang.Object[]) -> b
    void c(java.lang.String,java.lang.Throwable) -> c
net.youmi.android.c.e.c -> net.youmi.android.c.e.c:
    java.util.Hashtable a -> a
    java.lang.String a() -> a
    void a(java.lang.String) -> a
net.youmi.android.c.f.a -> net.youmi.android.c.f.a:
    long a -> a
    long b -> b
    java.io.File c -> c
    void b() -> b
    java.io.File[] a() -> a
    java.lang.String a(java.lang.String) -> a
    java.io.File b(java.lang.String) -> b
    boolean a(java.io.File) -> a
    void c() -> c
    java.io.File a(net.youmi.android.c.f.a) -> a
    boolean a(net.youmi.android.c.f.a,java.io.File) -> a
    long b(net.youmi.android.c.f.a) -> b
net.youmi.android.c.f.b -> net.youmi.android.c.f.b:
    net.youmi.android.c.f.a a -> a
    void run() -> run
net.youmi.android.c.f.c -> net.youmi.android.c.f.c:
    net.youmi.android.c.f.a a -> a
    int a(java.io.File,java.io.File) -> a
    int compare(java.lang.Object,java.lang.Object) -> compare
net.youmi.android.c.g.a -> net.youmi.android.c.g.a:
    org.apache.http.client.methods.HttpUriRequest a -> a
    long b -> b
    org.apache.http.client.HttpClient c -> c
    net.youmi.android.c.g.b d -> d
    net.youmi.android.c.g.c e -> e
    android.content.Context f -> f
    long a() -> a
    void a(net.youmi.android.c.g.b) -> a
    void b() -> b
    void a(org.apache.http.HttpResponse) -> a
    void c() -> c
    void a(org.apache.http.HttpResponse,long) -> a
    org.apache.http.HttpResponse d() -> d
    void a(int) -> a
net.youmi.android.c.g.b -> net.youmi.android.c.g.b:
    org.apache.http.Header[] a -> a
    int b -> b
    int c -> c
    java.lang.String d -> d
    long e -> e
    long f -> f
    boolean g -> g
    boolean h -> h
    org.apache.http.Header[] i -> i
    int a() -> a
    void a(int) -> a
    org.apache.http.Header[] b() -> b
    void a(org.apache.http.Header[]) -> a
    int c() -> c
    void b(int) -> b
    void a(java.lang.String) -> a
    long d() -> d
    void a(long) -> a
    long e() -> e
    void b(long) -> b
    boolean f() -> f
    void a(boolean) -> a
    org.apache.http.Header[] g() -> g
    void b(org.apache.http.Header[]) -> b
net.youmi.android.c.g.c -> net.youmi.android.c.g.c:
    java.lang.String a -> a
    boolean b -> b
    java.util.List c -> c
    java.util.List d -> d
    java.lang.String e -> e
    java.lang.String a() -> a
    void a(java.lang.String) -> a
    boolean b() -> b
    void a(boolean) -> a
    java.util.List c() -> c
    void a(java.util.List) -> a
    java.util.List d() -> d
    void b(java.util.List) -> b
    java.lang.String e() -> e
net.youmi.android.c.g.d -> net.youmi.android.c.g.d:
    java.lang.String g -> g
    void a(org.apache.http.HttpResponse) -> a
    void b() -> b
    java.lang.String d() -> d
    java.lang.String a(android.content.Context,org.apache.http.HttpResponse,java.lang.String,boolean) -> a
net.youmi.android.c.g.e -> net.youmi.android.c.g.e:
    java.lang.String a -> a
    int b -> b
    java.lang.String c -> c
    int d -> d
    java.lang.String e -> e
    int f -> f
    java.lang.String g -> g
    int h -> h
    long i -> i
    void a(android.content.Context) -> a
    void a(android.content.Context,java.lang.String,int,long,java.lang.String,int,java.lang.String,int,java.lang.String,int) -> a
    boolean a(java.lang.String) -> a
    void a(android.content.Context,org.json.JSONObject) -> a