SFPeddlers/proguard/usage.txt
sf.tools.peddlers.ActivityAddSettingGroup:
    public static final java.lang.String TAG
sf.tools.peddlers.ActivityCharacteristic:
    public static final java.lang.String TAG
sf.tools.peddlers.ActivityFirstFeeling:
    public static final java.lang.String TAG
sf.tools.peddlers.ActivitySettingGroup:
    public static final java.lang.String TAG
sf.tools.peddlers.ActivitySettingGroupAddCargo:
    public static final java.lang.String TAG
sf.tools.peddlers.ActivitySettingGroupCargoDetail:
    public static final java.lang.String TAG
sf.tools.peddlers.ActivitySettingGroupCargoList:
    public static final java.lang.String TAG
sf.tools.peddlers.ActivitySettingGroupCharacteristicItem:
    public static final java.lang.String TAG
sf.tools.peddlers.ActivityShopping:
    public static final java.lang.String TAG
sf.tools.peddlers.ActivityStatisticShoppingListDetail:
    public static final java.lang.String TAG
sf.tools.peddlers.ActivityStatisticsCargoRankList:
    public static final java.lang.String TAG
sf.tools.peddlers.ActivityStatisticsCharacteristicLine:
    public static final java.lang.String TAG
sf.tools.peddlers.ActivityStatisticsOverView:
    public static final java.lang.String TAG
sf.tools.peddlers.ActivityStatisticsShoppingList:
    public static final java.lang.String TAG
sf.tools.peddlers.BaseActivity:
    public static final java.lang.String TAG
sf.tools.peddlers.BuildConfig
sf.tools.peddlers.R
sf.tools.peddlers.R$attr
sf.tools.peddlers.R$bool
sf.tools.peddlers.R$color
sf.tools.peddlers.R$dimen
sf.tools.peddlers.R$drawable
sf.tools.peddlers.R$id
sf.tools.peddlers.R$layout
sf.tools.peddlers.R$string
sf.tools.peddlers.R$style
sf.tools.peddlers.SFPeddlersApp:
    public static final java.lang.String TAG
sf.tools.peddlers.TopActivity:
    public static final java.lang.String TAG
sf.tools.peddlers.adapter.AdapterCustomerCharacteristic:
    public static final java.lang.String TAG
sf.tools.peddlers.adapter.AdapterFirstFeeling:
    public static final java.lang.String TAG
sf.tools.peddlers.adapter.AdapterSettingGroup:
    public static final java.lang.String TAG
sf.tools.peddlers.adapter.AdapterSettingGroupCargo:
    public static final java.lang.String TAG
    106:106:public java.util.ArrayList getmCargoArray()
sf.tools.peddlers.adapter.AdapterSettingGroupCargoType:
    public static final java.lang.String TAG
sf.tools.peddlers.adapter.AdapterSettingGroupCharacteristic:
    public static final java.lang.String TAG
sf.tools.peddlers.adapter.AdapterSettingGroupCharacteristicItem:
    public static final java.lang.String TAG
sf.tools.peddlers.adapter.AdapterSettingGroupFirstFeeling:
    public static final java.lang.String TAG
sf.tools.peddlers.adapter.AdapterShoppingCargo:
    public static final java.lang.String TAG
    31:31:public java.util.ArrayList getmCargoList()
sf.tools.peddlers.adapter.AdapterStatisticsCargo:
    public static final java.lang.String TAG
sf.tools.peddlers.adapter.AdapterStatisticsRankList:
    public static final java.lang.String TAG
sf.tools.peddlers.adapter.AdapterStatisticsShoppingList:
    public static final java.lang.String TAG
    40:40:public java.util.ArrayList getmShoppingListArray()
sf.tools.peddlers.adapter.SFBaseAdapter:
    public static final java.lang.String TAG
sf.tools.peddlers.db.DBController:
    public static final java.lang.String TAG
sf.tools.peddlers.db.DBManager:
    public static final java.lang.String TAG
    58:61:public sf.tools.peddlers.db.controller.DBCargoInList getmDBCargoInList()
    86:90:public sf.tools.peddlers.db.controller.DBCharacteristicItemInList getmDBCharacteristicItemInList()
sf.tools.peddlers.db.DataStructure:
    public static final java.lang.String TAG
    3:3:public DataStructure()
...
com.google.analytics.containertag.proto.Debug$1
com.google.analytics.containertag.proto.Debug$DataLayerEventEvaluationInfo
com.google.analytics.containertag.proto.Debug$DataLayerEventEvaluationInfo$1
com.google.analytics.containertag.proto.Debug$DataLayerEventEvaluationInfo$Builder
com.google.analytics.containertag.proto.Debug$DataLayerEventEvaluationInfoOrBuilder
com.google.analytics.containertag.proto.Debug$DebugEvents
com.google.analytics.containertag.proto.Debug$DebugEvents$1
com.google.analytics.containertag.proto.Debug$DebugEvents$Builder
com.google.analytics.containertag.proto.Debug$DebugEventsOrBuilder
com.google.analytics.containertag.proto.Debug$EventInfo
com.google.analytics.containertag.proto.Debug$EventInfo$1
com.google.analytics.containertag.proto.Debug$EventInfo$Builder
com.google.analytics.containertag.proto.Debug$EventInfo$EventType
com.google.analytics.containertag.proto.Debug$EventInfo$EventType$1
com.google.analytics.containertag.proto.Debug$EventInfoOrBuilder
com.google.analytics.containertag.proto.Debug$MacroEvaluationInfo
com.google.analytics.containertag.proto.Debug$MacroEvaluationInfo$1
com.google.analytics.containertag.proto.Debug$MacroEvaluationInfo$Builder
com.google.analytics.containertag.proto.Debug$MacroEvaluationInfoOrBuilder
com.google.analytics.containertag.proto.Debug$ResolvedFunctionCall
com.google.analytics.containertag.proto.Debug$ResolvedFunctionCall$1
com.google.analytics.containertag.proto.Debug$ResolvedFunctionCall$Builder
com.google.analytics.containertag.proto.Debug$ResolvedFunctionCallOrBuilder
com.google.analytics.containertag.proto.Debug$ResolvedProperty
com.google.analytics.containertag.proto.Debug$ResolvedProperty$1
com.google.analytics.containertag.proto.Debug$ResolvedProperty$Builder
com.google.analytics.containertag.proto.Debug$ResolvedPropertyOrBuilder
com.google.analytics.containertag.proto.Debug$ResolvedRule
com.google.analytics.containertag.proto.Debug$ResolvedRule$1
com.google.analytics.containertag.proto.Debug$ResolvedRule$Builder
com.google.analytics.containertag.proto.Debug$ResolvedRuleOrBuilder
com.google.analytics.containertag.proto.Debug$RuleEvaluationStepInfo
com.google.analytics.containertag.proto.Debug$RuleEvaluationStepInfo$1
com.google.analytics.containertag.proto.Debug$RuleEvaluationStepInfo$Builder
com.google.analytics.containertag.proto.Debug$RuleEvaluationStepInfoOrBuilder
com.google.analytics.containertag.proto.MutableDebug
com.google.analytics.containertag.proto.MutableDebug$DataLayerEventEvaluationInfo
com.google.analytics.containertag.proto.MutableDebug$DebugEvents
com.google.analytics.containertag.proto.MutableDebug$EventInfo
com.google.analytics.containertag.proto.MutableDebug$EventInfo$EventType
com.google.analytics.containertag.proto.MutableDebug$EventInfo$EventType$1
com.google.analytics.containertag.proto.MutableDebug$MacroEvaluationInfo
com.google.analytics.containertag.proto.MutableDebug$ResolvedFunctionCall
com.google.analytics.containertag.proto.MutableDebug$ResolvedProperty
com.google.analytics.containertag.proto.MutableDebug$ResolvedRule
com.google.analytics.containertag.proto.MutableDebug$RuleEvaluationStepInfo
com.google.analytics.containertag.proto.MutableServing
com.google.analytics.containertag.proto.MutableServing$CacheOption
com.google.analytics.containertag.proto.MutableServing$CacheOption$CacheLevel
com.google.analytics.containertag.proto.MutableServing$CacheOption$CacheLevel$1
com.google.analytics.containertag.proto.MutableServing$Container
com.google.analytics.containertag.proto.MutableServing$FunctionCall
com.google.analytics.containertag.proto.MutableServing$OptionalResource
com.google.analytics.containertag.proto.MutableServing$Property
com.google.analytics.containertag.proto.MutableServing$Resource
com.google.analytics.containertag.proto.MutableServing$ResourceState
com.google.analytics.containertag.proto.MutableServing$ResourceState$1
com.google.analytics.containertag.proto.MutableServing$ResourceType